The system is: Windows - 10.0.19044 - AMD64
Compiling the C compiler identification source file "CMakeCCompilerId.c" succeeded.
Compiler: C:/Program Files (x86)/Microsoft Visual Studio/2019/BuildTools/VC/Tools/MSVC/14.29.30133/bin/Hostx86/x86/cl.exe 
Build flags: 
Id flags:  

The output was:
0
Microsoft (R) C/C++ Optimizing Compiler Version 19.29.30146 for x86
Copyright (C) Microsoft Corporation.  All rights reserved.

CMakeCCompilerId.c
Microsoft (R) Incremental Linker Version 14.29.30146.0
Copyright (C) Microsoft Corporation.  All rights reserved.

/out:CMakeCCompilerId.exe 
CMakeCCompilerId.obj 


Compilation of the C compiler identification source "CMakeCCompilerId.c" produced "CMakeCCompilerId.exe"

Compilation of the C compiler identification source "CMakeCCompilerId.c" produced "CMakeCCompilerId.obj"

The C compiler identification is MSVC, found in "C:/Users/f_cet/CLionProjects/alien2d/debug-build/CMakeFiles/3.23.2/CompilerIdC/CMakeCCompilerId.exe"

Compiling the CXX compiler identification source file "CMakeCXXCompilerId.cpp" succeeded.
Compiler: C:/Program Files (x86)/Microsoft Visual Studio/2019/BuildTools/VC/Tools/MSVC/14.29.30133/bin/Hostx86/x86/cl.exe 
Build flags: 
Id flags:  

The output was:
0
Microsoft (R) C/C++ Optimizing Compiler Version 19.29.30146 for x86
Copyright (C) Microsoft Corporation.  All rights reserved.

CMakeCXXCompilerId.cpp
Microsoft (R) Incremental Linker Version 14.29.30146.0
Copyright (C) Microsoft Corporation.  All rights reserved.

/out:CMakeCXXCompilerId.exe 
CMakeCXXCompilerId.obj 


Compilation of the CXX compiler identification source "CMakeCXXCompilerId.cpp" produced "CMakeCXXCompilerId.exe"

Compilation of the CXX compiler identification source "CMakeCXXCompilerId.cpp" produced "CMakeCXXCompilerId.obj"

The CXX compiler identification is MSVC, found in "C:/Users/f_cet/CLionProjects/alien2d/debug-build/CMakeFiles/3.23.2/CompilerIdCXX/CMakeCXXCompilerId.exe"

Detecting C compiler ABI info compiled with the following output:
Change Dir: C:/Users/f_cet/CLionProjects/alien2d/debug-build/CMakeFiles/CMakeTmp

Run Build Command(s):nmake -f Makefile /nologo cmTC_33a4c\fast && 	"C:\Program Files (x86)\Microsoft Visual Studio\2019\BuildTools\VC\Tools\MSVC\14.29.30133\bin\HostX86\x86\nmake.exe"  -f CMakeFiles\cmTC_33a4c.dir\build.make /nologo -L                  CMakeFiles\cmTC_33a4c.dir\build
Building C object CMakeFiles/cmTC_33a4c.dir/CMakeCCompilerABI.c.obj
	"C:\Program Files\JetBrains\CLion 2022.2.3\bin\cmake\win\bin\cmake.exe" -E cmake_cl_compile_depends --dep-file=CMakeFiles\cmTC_33a4c.dir\CMakeCCompilerABI.c.obj.d --working-dir=C:\Users\f_cet\CLionProjects\alien2d\debug-build\CMakeFiles\CMakeTmp --filter-prefix="Note: including file: " -- C:\PROGRA~2\MICROS~2\2019\BUILDT~1\VC\Tools\MSVC\1429~1.301\bin\Hostx86\x86\cl.exe @C:\Users\f_cet\AppData\Local\Temp\nm4AAB.tmp
CMakeCCompilerABI.c
Linking C executable cmTC_33a4c.exe
	"C:\Program Files\JetBrains\CLion 2022.2.3\bin\cmake\win\bin\cmake.exe" -E vs_link_exe --intdir=CMakeFiles\cmTC_33a4c.dir --rc=C:\PROGRA~2\WI3CF2~1\10\bin\100190~1.0\x86\rc.exe --mt=C:\PROGRA~2\WI3CF2~1\10\bin\100190~1.0\x86\mt.exe --manifests -- C:\PROGRA~2\MICROS~2\2019\BUILDT~1\VC\Tools\MSVC\1429~1.301\bin\Hostx86\x86\link.exe /nologo @CMakeFiles\cmTC_33a4c.dir\objects1.rsp @C:\Users\f_cet\AppData\Local\Temp\nm4BE5.tmp



Detecting CXX compiler ABI info compiled with the following output:
Change Dir: C:/Users/f_cet/CLionProjects/alien2d/debug-build/CMakeFiles/CMakeTmp

Run Build Command(s):nmake -f Makefile /nologo cmTC_19f53\fast && 	"C:\Program Files (x86)\Microsoft Visual Studio\2019\BuildTools\VC\Tools\MSVC\14.29.30133\bin\HostX86\x86\nmake.exe"  -f CMakeFiles\cmTC_19f53.dir\build.make /nologo -L                  CMakeFiles\cmTC_19f53.dir\build
Building CXX object CMakeFiles/cmTC_19f53.dir/CMakeCXXCompilerABI.cpp.obj
	"C:\Program Files\JetBrains\CLion 2022.2.3\bin\cmake\win\bin\cmake.exe" -E cmake_cl_compile_depends --dep-file=CMakeFiles\cmTC_19f53.dir\CMakeCXXCompilerABI.cpp.obj.d --working-dir=C:\Users\f_cet\CLionProjects\alien2d\debug-build\CMakeFiles\CMakeTmp --filter-prefix="Note: including file: " -- C:\PROGRA~2\MICROS~2\2019\BUILDT~1\VC\Tools\MSVC\1429~1.301\bin\Hostx86\x86\cl.exe @C:\Users\f_cet\AppData\Local\Temp\nm4F5F.tmp
CMakeCXXCompilerABI.cpp
Linking CXX executable cmTC_19f53.exe
	"C:\Program Files\JetBrains\CLion 2022.2.3\bin\cmake\win\bin\cmake.exe" -E vs_link_exe --intdir=CMakeFiles\cmTC_19f53.dir --rc=C:\PROGRA~2\WI3CF2~1\10\bin\100190~1.0\x86\rc.exe --mt=C:\PROGRA~2\WI3CF2~1\10\bin\100190~1.0\x86\mt.exe --manifests -- C:\PROGRA~2\MICROS~2\2019\BUILDT~1\VC\Tools\MSVC\1429~1.301\bin\Hostx86\x86\link.exe /nologo @CMakeFiles\cmTC_19f53.dir\objects1.rsp @C:\Users\f_cet\AppData\Local\Temp\nm4FEC.tmp



